{"/home/ryangeddes/ryangeddes/codefellows/401/auth/class-14/class-14/lab/auth-server/server.js": {"path":"/home/ryangeddes/ryangeddes/codefellows/401/auth/class-14/class-14/lab/auth-server/server.js","statementMap":{"0":{"start":{"line":3,"column":16},"end":{"line":3,"column":34}},"1":{"start":{"line":4,"column":13},"end":{"line":4,"column":28}},"2":{"start":{"line":6,"column":24},"end":{"line":6,"column":54}},"3":{"start":{"line":7,"column":21},"end":{"line":7,"column":51}},"4":{"start":{"line":8,"column":19},"end":{"line":8,"column":58}},"5":{"start":{"line":9,"column":17},"end":{"line":9,"column":39}},"6":{"start":{"line":11,"column":12},"end":{"line":11,"column":21}},"7":{"start":{"line":14,"column":0},"end":{"line":14,"column":16}},"8":{"start":{"line":15,"column":0},"end":{"line":15,"column":24}},"9":{"start":{"line":16,"column":0},"end":{"line":16,"column":48}},"10":{"start":{"line":19,"column":0},"end":{"line":19,"column":20}},"11":{"start":{"line":20,"column":0},"end":{"line":20,"column":30}},"12":{"start":{"line":23,"column":0},"end":{"line":23,"column":30}},"13":{"start":{"line":26,"column":0},"end":{"line":26,"column":22}},"14":{"start":{"line":28,"column":0},"end":{"line":31,"column":1}},"15":{"start":{"line":30,"column":19},"end":{"line":30,"column":63}}},"fnMap":{"0":{"name":"(anonymous_0)","decl":{"start":{"line":30,"column":9},"end":{"line":30,"column":10}},"loc":{"start":{"line":30,"column":19},"end":{"line":30,"column":63}},"line":30}},"branchMap":{},"s":{"0":1,"1":1,"2":1,"3":1,"4":1,"5":1,"6":1,"7":1,"8":1,"9":1,"10":1,"11":1,"12":1,"13":1,"14":1,"15":0},"f":{"0":0},"b":{},"_coverageSchema":"1a1c01bbd47fc00a2c39e90264f33305004495a9","hash":"eeaabc66829da1af549b714371acc09a30a10c88"}
,"/home/ryangeddes/ryangeddes/codefellows/401/auth/class-14/class-14/lab/auth-server/api/v1.js": {"path":"/home/ryangeddes/ryangeddes/codefellows/401/auth/class-14/class-14/lab/auth-server/api/v1.js","statementMap":{"0":{"start":{"line":9,"column":12},"end":{"line":9,"column":25}},"1":{"start":{"line":11,"column":16},"end":{"line":11,"column":34}},"2":{"start":{"line":13,"column":20},"end":{"line":13,"column":64}},"3":{"start":{"line":15,"column":15},"end":{"line":15,"column":31}},"4":{"start":{"line":18,"column":0},"end":{"line":18,"column":40}},"5":{"start":{"line":21,"column":0},"end":{"line":25,"column":3}},"6":{"start":{"line":22,"column":2},"end":{"line":22,"column":26}},"7":{"start":{"line":23,"column":2},"end":{"line":24,"column":55}},"8":{"start":{"line":24,"column":20},"end":{"line":24,"column":53}},"9":{"start":{"line":28,"column":0},"end":{"line":30,"column":3}},"10":{"start":{"line":29,"column":2},"end":{"line":29,"column":56}},"11":{"start":{"line":43,"column":0},"end":{"line":43,"column":36}},"12":{"start":{"line":52,"column":0},"end":{"line":52,"column":35}},"13":{"start":{"line":53,"column":0},"end":{"line":53,"column":40}},"14":{"start":{"line":54,"column":0},"end":{"line":54,"column":37}},"15":{"start":{"line":55,"column":0},"end":{"line":55,"column":43}},"16":{"start":{"line":61,"column":2},"end":{"line":69,"column":17}},"17":{"start":{"line":63,"column":21},"end":{"line":66,"column":7}},"18":{"start":{"line":67,"column":6},"end":{"line":67,"column":40}},"19":{"start":{"line":73,"column":2},"end":{"line":75,"column":17}},"20":{"start":{"line":74,"column":20},"end":{"line":74,"column":56}},"21":{"start":{"line":79,"column":2},"end":{"line":81,"column":17}},"22":{"start":{"line":80,"column":20},"end":{"line":80,"column":53}},"23":{"start":{"line":85,"column":2},"end":{"line":87,"column":17}},"24":{"start":{"line":86,"column":20},"end":{"line":86,"column":53}},"25":{"start":{"line":91,"column":2},"end":{"line":93,"column":17}},"26":{"start":{"line":92,"column":20},"end":{"line":92,"column":53}},"27":{"start":{"line":96,"column":0},"end":{"line":96,"column":24}}},"fnMap":{"0":{"name":"(anonymous_0)","decl":{"start":{"line":21,"column":22},"end":{"line":21,"column":23}},"loc":{"start":{"line":21,"column":45},"end":{"line":25,"column":1}},"line":21},"1":{"name":"(anonymous_1)","decl":{"start":{"line":24,"column":10},"end":{"line":24,"column":11}},"loc":{"start":{"line":24,"column":20},"end":{"line":24,"column":53}},"line":24},"2":{"name":"(anonymous_2)","decl":{"start":{"line":28,"column":29},"end":{"line":28,"column":30}},"loc":{"start":{"line":28,"column":52},"end":{"line":30,"column":1}},"line":28},"3":{"name":"handleGetAll","decl":{"start":{"line":60,"column":9},"end":{"line":60,"column":21}},"loc":{"start":{"line":60,"column":47},"end":{"line":70,"column":1}},"line":60},"4":{"name":"(anonymous_4)","decl":{"start":{"line":62,"column":10},"end":{"line":62,"column":11}},"loc":{"start":{"line":62,"column":18},"end":{"line":68,"column":5}},"line":62},"5":{"name":"handleGetOne","decl":{"start":{"line":72,"column":9},"end":{"line":72,"column":21}},"loc":{"start":{"line":72,"column":47},"end":{"line":76,"column":1}},"line":72},"6":{"name":"(anonymous_6)","decl":{"start":{"line":74,"column":10},"end":{"line":74,"column":11}},"loc":{"start":{"line":74,"column":20},"end":{"line":74,"column":56}},"line":74},"7":{"name":"handlePost","decl":{"start":{"line":78,"column":9},"end":{"line":78,"column":19}},"loc":{"start":{"line":78,"column":45},"end":{"line":82,"column":1}},"line":78},"8":{"name":"(anonymous_8)","decl":{"start":{"line":80,"column":10},"end":{"line":80,"column":11}},"loc":{"start":{"line":80,"column":20},"end":{"line":80,"column":53}},"line":80},"9":{"name":"handlePut","decl":{"start":{"line":84,"column":9},"end":{"line":84,"column":18}},"loc":{"start":{"line":84,"column":44},"end":{"line":88,"column":1}},"line":84},"10":{"name":"(anonymous_10)","decl":{"start":{"line":86,"column":10},"end":{"line":86,"column":11}},"loc":{"start":{"line":86,"column":20},"end":{"line":86,"column":53}},"line":86},"11":{"name":"handleDelete","decl":{"start":{"line":90,"column":9},"end":{"line":90,"column":21}},"loc":{"start":{"line":90,"column":47},"end":{"line":94,"column":1}},"line":90},"12":{"name":"(anonymous_12)","decl":{"start":{"line":92,"column":10},"end":{"line":92,"column":11}},"loc":{"start":{"line":92,"column":20},"end":{"line":92,"column":53}},"line":92}},"branchMap":{},"s":{"0":1,"1":1,"2":1,"3":1,"4":1,"5":1,"6":0,"7":0,"8":0,"9":1,"10":0,"11":1,"12":1,"13":1,"14":1,"15":1,"16":0,"17":0,"18":0,"19":0,"20":0,"21":0,"22":0,"23":0,"24":0,"25":0,"26":0,"27":1},"f":{"0":0,"1":0,"2":0,"3":0,"4":0,"5":0,"6":0,"7":0,"8":0,"9":0,"10":0,"11":0,"12":0},"b":{},"_coverageSchema":"1a1c01bbd47fc00a2c39e90264f33305004495a9","hash":"8768bc374894eedd3eeff172d97b38fa99f20912"}
,"/home/ryangeddes/ryangeddes/codefellows/401/auth/class-14/class-14/lab/auth-server/auth/middleware/acl.js": {"path":"/home/ryangeddes/ryangeddes/codefellows/401/auth/class-14/class-14/lab/auth-server/auth/middleware/acl.js","statementMap":{"0":{"start":{"line":3,"column":0},"end":{"line":15,"column":1}},"1":{"start":{"line":5,"column":2},"end":{"line":13,"column":3}},"2":{"start":{"line":7,"column":4},"end":{"line":12,"column":5}},"3":{"start":{"line":8,"column":6},"end":{"line":8,"column":13}},"4":{"start":{"line":11,"column":6},"end":{"line":11,"column":30}}},"fnMap":{"0":{"name":"(anonymous_0)","decl":{"start":{"line":3,"column":17},"end":{"line":3,"column":18}},"loc":{"start":{"line":3,"column":33},"end":{"line":15,"column":1}},"line":3},"1":{"name":"(anonymous_1)","decl":{"start":{"line":5,"column":9},"end":{"line":5,"column":10}},"loc":{"start":{"line":5,"column":29},"end":{"line":13,"column":3}},"line":5}},"branchMap":{"0":{"loc":{"start":{"line":7,"column":4},"end":{"line":12,"column":5}},"type":"if","locations":[{"start":{"line":7,"column":4},"end":{"line":12,"column":5}},{"start":{"line":7,"column":4},"end":{"line":12,"column":5}}],"line":7}},"s":{"0":1,"1":3,"2":0,"3":0,"4":0},"f":{"0":3,"1":0},"b":{"0":[0,0]},"_coverageSchema":"1a1c01bbd47fc00a2c39e90264f33305004495a9","hash":"89b96c25cfc4e564d0beea01529b9454bd7ec291"}
,"/home/ryangeddes/ryangeddes/codefellows/401/auth/class-14/class-14/lab/auth-server/auth/middleware/basic.js": {"path":"/home/ryangeddes/ryangeddes/codefellows/401/auth/class-14/class-14/lab/auth-server/auth/middleware/basic.js","statementMap":{"0":{"start":{"line":3,"column":15},"end":{"line":3,"column":33}},"1":{"start":{"line":4,"column":14},"end":{"line":4,"column":49}},"2":{"start":{"line":8,"column":0},"end":{"line":37,"column":1}},"3":{"start":{"line":12,"column":2},"end":{"line":35,"column":3}},"4":{"start":{"line":15,"column":24},"end":{"line":15,"column":49}},"5":{"start":{"line":16,"column":18},"end":{"line":16,"column":45}},"6":{"start":{"line":17,"column":16},"end":{"line":17,"column":38}},"7":{"start":{"line":18,"column":31},"end":{"line":18,"column":47}},"8":{"start":{"line":21,"column":21},"end":{"line":21,"column":66}},"9":{"start":{"line":25,"column":4},"end":{"line":25,"column":43}},"10":{"start":{"line":28,"column":4},"end":{"line":28,"column":26}},"11":{"start":{"line":30,"column":4},"end":{"line":30,"column":11}},"12":{"start":{"line":33,"column":4},"end":{"line":33,"column":18}},"13":{"start":{"line":34,"column":4},"end":{"line":34,"column":25}}},"fnMap":{"0":{"name":"(anonymous_0)","decl":{"start":{"line":8,"column":17},"end":{"line":8,"column":18}},"loc":{"start":{"line":8,"column":43},"end":{"line":37,"column":1}},"line":8}},"branchMap":{},"s":{"0":1,"1":1,"2":1,"3":1,"4":1,"5":1,"6":1,"7":1,"8":1,"9":1,"10":1,"11":1,"12":0,"13":0},"f":{"0":1},"b":{},"_coverageSchema":"1a1c01bbd47fc00a2c39e90264f33305004495a9","hash":"7507c3bfc3b1f247955c8a8b775c3d04948d6192"}
,"/home/ryangeddes/ryangeddes/codefellows/401/auth/class-14/class-14/lab/auth-server/auth/middleware/bearer.js": {"path":"/home/ryangeddes/ryangeddes/codefellows/401/auth/class-14/class-14/lab/auth-server/auth/middleware/bearer.js","statementMap":{"0":{"start":{"line":3,"column":14},"end":{"line":3,"column":49}},"1":{"start":{"line":5,"column":0},"end":{"line":22,"column":1}},"2":{"start":{"line":7,"column":2},"end":{"line":21,"column":3}},"3":{"start":{"line":9,"column":4},"end":{"line":9,"column":61}},"4":{"start":{"line":9,"column":38},"end":{"line":9,"column":59}},"5":{"start":{"line":11,"column":18},"end":{"line":11,"column":60}},"6":{"start":{"line":13,"column":22},"end":{"line":13,"column":62}},"7":{"start":{"line":15,"column":4},"end":{"line":15,"column":25}},"8":{"start":{"line":16,"column":4},"end":{"line":16,"column":22}},"9":{"start":{"line":17,"column":4},"end":{"line":17,"column":11}},"10":{"start":{"line":20,"column":4},"end":{"line":20,"column":26}}},"fnMap":{"0":{"name":"(anonymous_0)","decl":{"start":{"line":5,"column":17},"end":{"line":5,"column":18}},"loc":{"start":{"line":5,"column":43},"end":{"line":22,"column":1}},"line":5}},"branchMap":{"0":{"loc":{"start":{"line":9,"column":4},"end":{"line":9,"column":61}},"type":"if","locations":[{"start":{"line":9,"column":4},"end":{"line":9,"column":61}},{"start":{"line":9,"column":4},"end":{"line":9,"column":61}}],"line":9}},"s":{"0":1,"1":1,"2":0,"3":0,"4":0,"5":0,"6":0,"7":0,"8":0,"9":0,"10":0},"f":{"0":0},"b":{"0":[0,0]},"_coverageSchema":"1a1c01bbd47fc00a2c39e90264f33305004495a9","hash":"804a4629e5822b390351158286f3fe291969cb87"}
,"/home/ryangeddes/ryangeddes/codefellows/401/auth/class-14/class-14/lab/auth-server/auth/models/users-model.js": {"path":"/home/ryangeddes/ryangeddes/codefellows/401/auth/class-14/class-14/lab/auth-server/auth/models/users-model.js","statementMap":{"0":{"start":{"line":3,"column":17},"end":{"line":3,"column":36}},"1":{"start":{"line":4,"column":15},"end":{"line":4,"column":32}},"2":{"start":{"line":5,"column":12},"end":{"line":5,"column":35}},"3":{"start":{"line":6,"column":15},"end":{"line":6,"column":44}},"4":{"start":{"line":7,"column":14},"end":{"line":11,"column":2}},"5":{"start":{"line":13,"column":14},"end":{"line":18,"column":1}},"6":{"start":{"line":20,"column":0},"end":{"line":23,"column":3}},"7":{"start":{"line":21,"column":2},"end":{"line":21,"column":54}},"8":{"start":{"line":22,"column":2},"end":{"line":22,"column":48}},"9":{"start":{"line":25,"column":0},"end":{"line":27,"column":1}},"10":{"start":{"line":26,"column":2},"end":{"line":26,"column":47}},"11":{"start":{"line":30,"column":0},"end":{"line":38,"column":1}},"12":{"start":{"line":31,"column":20},"end":{"line":35,"column":3}},"13":{"start":{"line":36,"column":14},"end":{"line":36,"column":43}},"14":{"start":{"line":37,"column":2},"end":{"line":37,"column":15}},"15":{"start":{"line":41,"column":0},"end":{"line":52,"column":1}},"16":{"start":{"line":44,"column":13},"end":{"line":44,"column":55}},"17":{"start":{"line":47,"column":16},"end":{"line":47,"column":61}},"18":{"start":{"line":49,"column":2},"end":{"line":50,"column":28}},"19":{"start":{"line":49,"column":17},"end":{"line":49,"column":29}},"20":{"start":{"line":50,"column":9},"end":{"line":50,"column":26}},"21":{"start":{"line":54,"column":0},"end":{"line":62,"column":1}},"22":{"start":{"line":55,"column":2},"end":{"line":61,"column":3}},"23":{"start":{"line":56,"column":24},"end":{"line":56,"column":49}},"24":{"start":{"line":57,"column":17},"end":{"line":57,"column":65}},"25":{"start":{"line":58,"column":4},"end":{"line":58,"column":16}},"26":{"start":{"line":60,"column":4},"end":{"line":60,"column":30}},"27":{"start":{"line":64,"column":0},"end":{"line":64,"column":48}}},"fnMap":{"0":{"name":"(anonymous_0)","decl":{"start":{"line":20,"column":18},"end":{"line":20,"column":19}},"loc":{"start":{"line":20,"column":36},"end":{"line":23,"column":1}},"line":20},"1":{"name":"(anonymous_1)","decl":{"start":{"line":25,"column":20},"end":{"line":25,"column":21}},"loc":{"start":{"line":25,"column":42},"end":{"line":27,"column":1}},"line":25},"2":{"name":"(anonymous_2)","decl":{"start":{"line":30,"column":30},"end":{"line":30,"column":31}},"loc":{"start":{"line":30,"column":42},"end":{"line":38,"column":1}},"line":30},"3":{"name":"(anonymous_3)","decl":{"start":{"line":41,"column":30},"end":{"line":41,"column":31}},"loc":{"start":{"line":41,"column":66},"end":{"line":52,"column":1}},"line":41},"4":{"name":"(anonymous_4)","decl":{"start":{"line":54,"column":38},"end":{"line":54,"column":39}},"loc":{"start":{"line":54,"column":61},"end":{"line":62,"column":1}},"line":54}},"branchMap":{"0":{"loc":{"start":{"line":6,"column":15},"end":{"line":6,"column":44}},"type":"binary-expr","locations":[{"start":{"line":6,"column":15},"end":{"line":6,"column":33}},{"start":{"line":6,"column":37},"end":{"line":6,"column":44}}],"line":6},"1":{"loc":{"start":{"line":49,"column":2},"end":{"line":50,"column":28}},"type":"if","locations":[{"start":{"line":49,"column":2},"end":{"line":50,"column":28}},{"start":{"line":49,"column":2},"end":{"line":50,"column":28}}],"line":49}},"s":{"0":1,"1":1,"2":1,"3":1,"4":1,"5":1,"6":1,"7":4,"8":4,"9":1,"10":0,"11":1,"12":5,"13":5,"14":5,"15":1,"16":1,"17":1,"18":1,"19":1,"20":0,"21":1,"22":0,"23":0,"24":0,"25":0,"26":0,"27":1},"f":{"0":4,"1":0,"2":5,"3":1,"4":0},"b":{"0":[1,1],"1":[1,0]},"_coverageSchema":"1a1c01bbd47fc00a2c39e90264f33305004495a9","hash":"766e64663f85fc301af8f0c1e9254a6328d73962"}
,"/home/ryangeddes/ryangeddes/codefellows/401/auth/class-14/class-14/lab/auth-server/auth/routes/auth-router.js": {"path":"/home/ryangeddes/ryangeddes/codefellows/401/auth/class-14/class-14/lab/auth-server/auth/routes/auth-router.js","statementMap":{"0":{"start":{"line":3,"column":16},"end":{"line":3,"column":34}},"1":{"start":{"line":5,"column":18},"end":{"line":5,"column":51}},"2":{"start":{"line":6,"column":15},"end":{"line":6,"column":49}},"3":{"start":{"line":7,"column":12},"end":{"line":7,"column":43}},"4":{"start":{"line":8,"column":14},"end":{"line":8,"column":49}},"5":{"start":{"line":11,"column":15},"end":{"line":11,"column":31}},"6":{"start":{"line":13,"column":0},"end":{"line":42,"column":3}},"7":{"start":{"line":15,"column":2},"end":{"line":40,"column":3}},"8":{"start":{"line":16,"column":14},"end":{"line":20,"column":5}},"9":{"start":{"line":23,"column":17},"end":{"line":23,"column":31}},"10":{"start":{"line":26,"column":18},"end":{"line":26,"column":37}},"11":{"start":{"line":28,"column":16},"end":{"line":28,"column":38}},"12":{"start":{"line":30,"column":4},"end":{"line":30,"column":27}},"13":{"start":{"line":31,"column":17},"end":{"line":34,"column":5}},"14":{"start":{"line":35,"column":4},"end":{"line":35,"column":33}},"15":{"start":{"line":39,"column":4},"end":{"line":39,"column":20}},"16":{"start":{"line":45,"column":0},"end":{"line":52,"column":3}},"17":{"start":{"line":46,"column":2},"end":{"line":46,"column":29}},"18":{"start":{"line":47,"column":15},"end":{"line":50,"column":3}},"19":{"start":{"line":51,"column":2},"end":{"line":51,"column":31}},"20":{"start":{"line":54,"column":0},"end":{"line":56,"column":3}},"21":{"start":{"line":55,"column":2},"end":{"line":55,"column":55}},"22":{"start":{"line":58,"column":0},"end":{"line":60,"column":2}},"23":{"start":{"line":59,"column":2},"end":{"line":59,"column":41}},"24":{"start":{"line":62,"column":0},"end":{"line":64,"column":2}},"25":{"start":{"line":63,"column":2},"end":{"line":63,"column":43}},"26":{"start":{"line":66,"column":0},"end":{"line":68,"column":2}},"27":{"start":{"line":67,"column":2},"end":{"line":67,"column":43}},"28":{"start":{"line":70,"column":0},"end":{"line":70,"column":24}}},"fnMap":{"0":{"name":"(anonymous_0)","decl":{"start":{"line":13,"column":23},"end":{"line":13,"column":24}},"loc":{"start":{"line":13,"column":49},"end":{"line":42,"column":1}},"line":13},"1":{"name":"(anonymous_1)","decl":{"start":{"line":45,"column":34},"end":{"line":45,"column":35}},"loc":{"start":{"line":45,"column":54},"end":{"line":52,"column":1}},"line":45},"2":{"name":"(anonymous_2)","decl":{"start":{"line":54,"column":30},"end":{"line":54,"column":31}},"loc":{"start":{"line":54,"column":44},"end":{"line":56,"column":1}},"line":54},"3":{"name":"(anonymous_3)","decl":{"start":{"line":58,"column":44},"end":{"line":58,"column":45}},"loc":{"start":{"line":58,"column":58},"end":{"line":60,"column":1}},"line":58},"4":{"name":"(anonymous_4)","decl":{"start":{"line":62,"column":47},"end":{"line":62,"column":48}},"loc":{"start":{"line":62,"column":61},"end":{"line":64,"column":1}},"line":62},"5":{"name":"(anonymous_5)","decl":{"start":{"line":66,"column":46},"end":{"line":66,"column":47}},"loc":{"start":{"line":66,"column":60},"end":{"line":68,"column":1}},"line":66}},"branchMap":{},"s":{"0":1,"1":1,"2":1,"3":1,"4":1,"5":1,"6":1,"7":4,"8":4,"9":4,"10":4,"11":4,"12":4,"13":4,"14":4,"15":0,"16":1,"17":1,"18":1,"19":1,"20":1,"21":0,"22":1,"23":0,"24":1,"25":0,"26":1,"27":0,"28":1},"f":{"0":4,"1":1,"2":0,"3":0,"4":0,"5":0},"b":{},"_coverageSchema":"1a1c01bbd47fc00a2c39e90264f33305004495a9","hash":"70b4114b197451e9657c25f8abf257891a33b8c4"}
,"/home/ryangeddes/ryangeddes/codefellows/401/auth/class-14/class-14/lab/auth-server/middleware/404.js": {"path":"/home/ryangeddes/ryangeddes/codefellows/401/auth/class-14/class-14/lab/auth-server/middleware/404.js","statementMap":{"0":{"start":{"line":13,"column":0},"end":{"line":16,"column":2}},"1":{"start":{"line":14,"column":14},"end":{"line":14,"column":45}},"2":{"start":{"line":15,"column":2},"end":{"line":15,"column":36}}},"fnMap":{"0":{"name":"(anonymous_0)","decl":{"start":{"line":13,"column":17},"end":{"line":13,"column":18}},"loc":{"start":{"line":13,"column":35},"end":{"line":16,"column":1}},"line":13}},"branchMap":{},"s":{"0":1,"1":1,"2":1},"f":{"0":1},"b":{},"_coverageSchema":"1a1c01bbd47fc00a2c39e90264f33305004495a9","hash":"8eaa8d317985bfef81aed92dcbe9cd80e485c867"}
,"/home/ryangeddes/ryangeddes/codefellows/401/auth/class-14/class-14/lab/auth-server/middleware/500.js": {"path":"/home/ryangeddes/ryangeddes/codefellows/401/auth/class-14/class-14/lab/auth-server/middleware/500.js","statementMap":{"0":{"start":{"line":15,"column":0},"end":{"line":18,"column":2}},"1":{"start":{"line":16,"column":14},"end":{"line":16,"column":28}},"2":{"start":{"line":17,"column":2},"end":{"line":17,"column":36}}},"fnMap":{"0":{"name":"(anonymous_0)","decl":{"start":{"line":15,"column":17},"end":{"line":15,"column":18}},"loc":{"start":{"line":15,"column":42},"end":{"line":18,"column":1}},"line":15}},"branchMap":{},"s":{"0":1,"1":0,"2":0},"f":{"0":0},"b":{},"_coverageSchema":"1a1c01bbd47fc00a2c39e90264f33305004495a9","hash":"9b5fca946a3694da7d0709b894efbb48b11e1186"}
,"/home/ryangeddes/ryangeddes/codefellows/401/auth/class-14/class-14/lab/auth-server/middleware/model-finder.js": {"path":"/home/ryangeddes/ryangeddes/codefellows/401/auth/class-14/class-14/lab/auth-server/middleware/model-finder.js","statementMap":{"0":{"start":{"line":2,"column":11},"end":{"line":2,"column":24}},"1":{"start":{"line":3,"column":13},"end":{"line":3,"column":28}},"2":{"start":{"line":4,"column":16},"end":{"line":4,"column":42}},"3":{"start":{"line":6,"column":21},"end":{"line":6,"column":45}},"4":{"start":{"line":22,"column":13},"end":{"line":28,"column":1}},"5":{"start":{"line":23,"column":20},"end":{"line":23,"column":65}},"6":{"start":{"line":24,"column":19},"end":{"line":24,"column":71}},"7":{"start":{"line":25,"column":16},"end":{"line":25,"column":33}},"8":{"start":{"line":26,"column":2},"end":{"line":26,"column":26}},"9":{"start":{"line":27,"column":2},"end":{"line":27,"column":9}},"10":{"start":{"line":31,"column":13},"end":{"line":39,"column":1}},"11":{"start":{"line":32,"column":2},"end":{"line":38,"column":26}},"12":{"start":{"line":34,"column":6},"end":{"line":36,"column":7}},"13":{"start":{"line":35,"column":8},"end":{"line":35,"column":123}},"14":{"start":{"line":41,"column":0},"end":{"line":41,"column":32}}},"fnMap":{"0":{"name":"(anonymous_0)","decl":{"start":{"line":22,"column":13},"end":{"line":22,"column":14}},"loc":{"start":{"line":22,"column":33},"end":{"line":28,"column":1}},"line":22},"1":{"name":"(anonymous_1)","decl":{"start":{"line":31,"column":13},"end":{"line":31,"column":14}},"loc":{"start":{"line":31,"column":19},"end":{"line":39,"column":1}},"line":31},"2":{"name":"(anonymous_2)","decl":{"start":{"line":33,"column":10},"end":{"line":33,"column":11}},"loc":{"start":{"line":34,"column":6},"end":{"line":36,"column":7}},"line":34},"3":{"name":"(anonymous_3)","decl":{"start":{"line":34,"column":22},"end":{"line":34,"column":23}},"loc":{"start":{"line":35,"column":8},"end":{"line":35,"column":123}},"line":35}},"branchMap":{"0":{"loc":{"start":{"line":35,"column":8},"end":{"line":35,"column":123}},"type":"binary-expr","locations":[{"start":{"line":35,"column":8},"end":{"line":35,"column":62}},{"start":{"line":35,"column":66},"end":{"line":35,"column":123}}],"line":35}},"s":{"0":1,"1":1,"2":1,"3":1,"4":1,"5":0,"6":0,"7":0,"8":0,"9":0,"10":1,"11":0,"12":0,"13":0,"14":1},"f":{"0":0,"1":0,"2":0,"3":0},"b":{"0":[0,0]},"_coverageSchema":"1a1c01bbd47fc00a2c39e90264f33305004495a9","hash":"9df0bac12ae9ca2acf56f89661c9796bf3e7d76f"}
}
