TN:
SF:server.js
FN:30,(anonymous_0)
FNF:1
FNH:0
FNDA:0,(anonymous_0)
DA:3,1
DA:4,1
DA:6,1
DA:7,1
DA:8,1
DA:9,1
DA:11,1
DA:14,1
DA:15,1
DA:16,1
DA:19,1
DA:20,1
DA:23,1
DA:26,1
DA:28,1
DA:30,0
LF:16
LH:15
BRF:0
BRH:0
end_of_record
TN:
SF:api/v1.js
FN:21,(anonymous_0)
FN:24,(anonymous_1)
FN:28,(anonymous_2)
FN:60,handleGetAll
FN:62,(anonymous_4)
FN:72,handleGetOne
FN:74,(anonymous_6)
FN:78,handlePost
FN:80,(anonymous_8)
FN:84,handlePut
FN:86,(anonymous_10)
FN:90,handleDelete
FN:92,(anonymous_12)
FNF:13
FNH:0
FNDA:0,(anonymous_0)
FNDA:0,(anonymous_1)
FNDA:0,(anonymous_2)
FNDA:0,handleGetAll
FNDA:0,(anonymous_4)
FNDA:0,handleGetOne
FNDA:0,(anonymous_6)
FNDA:0,handlePost
FNDA:0,(anonymous_8)
FNDA:0,handlePut
FNDA:0,(anonymous_10)
FNDA:0,handleDelete
FNDA:0,(anonymous_12)
DA:9,1
DA:11,1
DA:13,1
DA:15,1
DA:18,1
DA:21,1
DA:22,0
DA:23,0
DA:24,0
DA:28,1
DA:29,0
DA:43,1
DA:52,1
DA:53,1
DA:54,1
DA:55,1
DA:61,0
DA:63,0
DA:67,0
DA:73,0
DA:74,0
DA:79,0
DA:80,0
DA:85,0
DA:86,0
DA:91,0
DA:92,0
DA:96,1
LF:28
LH:13
BRF:0
BRH:0
end_of_record
TN:
SF:auth/middleware/acl.js
FN:3,(anonymous_0)
FN:5,(anonymous_1)
FNF:2
FNH:1
FNDA:3,(anonymous_0)
FNDA:0,(anonymous_1)
DA:3,1
DA:5,3
DA:7,0
DA:8,0
DA:11,0
LF:5
LH:2
BRDA:7,0,0,0
BRDA:7,0,1,0
BRF:2
BRH:0
end_of_record
TN:
SF:auth/middleware/basic.js
FN:8,(anonymous_0)
FNF:1
FNH:1
FNDA:1,(anonymous_0)
DA:3,1
DA:4,1
DA:8,1
DA:12,1
DA:15,1
DA:16,1
DA:17,1
DA:18,1
DA:21,1
DA:25,1
DA:28,1
DA:30,1
DA:33,0
DA:34,0
LF:14
LH:12
BRF:0
BRH:0
end_of_record
TN:
SF:auth/middleware/bearer.js
FN:5,(anonymous_0)
FNF:1
FNH:0
FNDA:0,(anonymous_0)
DA:3,1
DA:5,1
DA:7,0
DA:9,0
DA:11,0
DA:13,0
DA:15,0
DA:16,0
DA:17,0
DA:20,0
LF:10
LH:2
BRDA:9,0,0,0
BRDA:9,0,1,0
BRF:2
BRH:0
end_of_record
TN:
SF:auth/models/users-model.js
FN:20,(anonymous_0)
FN:25,(anonymous_1)
FN:30,(anonymous_2)
FN:41,(anonymous_3)
FN:54,(anonymous_4)
FNF:5
FNH:3
FNDA:4,(anonymous_0)
FNDA:0,(anonymous_1)
FNDA:5,(anonymous_2)
FNDA:1,(anonymous_3)
FNDA:0,(anonymous_4)
DA:3,1
DA:4,1
DA:5,1
DA:6,1
DA:7,1
DA:13,1
DA:20,1
DA:21,4
DA:22,4
DA:25,1
DA:26,0
DA:30,1
DA:31,5
DA:36,5
DA:37,5
DA:41,1
DA:44,1
DA:47,1
DA:49,1
DA:50,0
DA:54,1
DA:55,0
DA:56,0
DA:57,0
DA:58,0
DA:60,0
DA:64,1
LF:27
LH:20
BRDA:6,0,0,1
BRDA:6,0,1,1
BRDA:49,1,0,1
BRDA:49,1,1,0
BRF:4
BRH:3
end_of_record
TN:
SF:auth/routes/auth-router.js
FN:13,(anonymous_0)
FN:45,(anonymous_1)
FN:54,(anonymous_2)
FN:58,(anonymous_3)
FN:62,(anonymous_4)
FN:66,(anonymous_5)
FNF:6
FNH:2
FNDA:4,(anonymous_0)
FNDA:1,(anonymous_1)
FNDA:0,(anonymous_2)
FNDA:0,(anonymous_3)
FNDA:0,(anonymous_4)
FNDA:0,(anonymous_5)
DA:3,1
DA:5,1
DA:6,1
DA:7,1
DA:8,1
DA:11,1
DA:13,1
DA:15,4
DA:16,4
DA:23,4
DA:26,4
DA:28,4
DA:30,4
DA:31,4
DA:35,4
DA:39,0
DA:45,1
DA:46,1
DA:47,1
DA:51,1
DA:54,1
DA:55,0
DA:58,1
DA:59,0
DA:62,1
DA:63,0
DA:66,1
DA:67,0
DA:70,1
LF:29
LH:24
BRF:0
BRH:0
end_of_record
TN:
SF:middleware/404.js
FN:13,(anonymous_0)
FNF:1
FNH:1
FNDA:1,(anonymous_0)
DA:13,1
DA:14,1
DA:15,1
LF:3
LH:3
BRF:0
BRH:0
end_of_record
TN:
SF:middleware/500.js
FN:15,(anonymous_0)
FNF:1
FNH:0
FNDA:0,(anonymous_0)
DA:15,1
DA:16,0
DA:17,0
LF:3
LH:1
BRF:0
BRH:0
end_of_record
TN:
SF:middleware/model-finder.js
FN:22,(anonymous_0)
FN:31,(anonymous_1)
FN:33,(anonymous_2)
FN:34,(anonymous_3)
FNF:4
FNH:0
FNDA:0,(anonymous_0)
FNDA:0,(anonymous_1)
FNDA:0,(anonymous_2)
FNDA:0,(anonymous_3)
DA:2,1
DA:3,1
DA:4,1
DA:6,1
DA:22,1
DA:23,0
DA:24,0
DA:25,0
DA:26,0
DA:27,0
DA:31,1
DA:32,0
DA:34,0
DA:35,0
DA:41,1
LF:15
LH:7
BRDA:35,0,0,0
BRDA:35,0,1,0
BRF:2
BRH:0
end_of_record
